<?xml version="1.0" encoding="UTF-8"?>
<testsuite name="org.example.AppTest" tests="1" skipped="0" failures="0" errors="0" timestamp="2024-09-07T12:15:16" hostname="kaifsaif-a320ms2h" time="0.022">
  <properties/>
  <testcase name="appHasAGreeting()" classname="org.example.AppTest" time="0.022"/>
  <system-out><![CDATA[]]></system-out>
  <system-err><![CDATA[]]></system-err>
</testsuite>
